Welcome to the AIOps Automation Hub.
Running system diagnosis....
=== SERVER HEALTH STATUS ===
Current System User: nafees
Server Uptime :
 18:54:03 up 56 min,  1 user,  load average: 0.00, 0.01, 0.00
================================
Diagnosis complete. All system stable!
Welcome to the AIOps Automation Hub.
Running system diagnosis....
=== SERVER HEALTH STATUS ===
Current System User: nafees
Server Uptime :
 18:55:03 up 57 min,  1 user,  load average: 0.00, 0.01, 0.00
================================
Diagnosis complete. All system stable!
Welcome to the AIOps Automation Hub.
Running system diagnosis....
=== SERVER HEALTH STATUS ===
Current System User: nafees
Server Uptime :
 18:56:03 up 58 min,  1 user,  load average: 0.00, 0.00, 0.00
================================
Diagnosis complete. All system stable!
Welcome to the AIOps Automation Hub.
Running system diagnosis....
=== SERVER HEALTH STATUS ===
Current System User: nafees
Server Uptime :
 18:57:03 up 59 min,  1 user,  load average: 0.00, 0.00, 0.00
================================
Diagnosis complete. All system stable!
Welcome to the AIOps Automation Hub.
Running system diagnosis....
=== SERVER HEALTH STATUS ===
Current System User: nafees
Server Uptime :
 18:58:03 up  1:00,  1 user,  load average: 0.00, 0.00, 0.00
================================
Diagnosis complete. All system stable!
Welcome to the AIOps Automation Hub.
Running system diagnosis....
=== SERVER HEALTH STATUS ===
Current System User: nafees
Server Uptime :
 18:59:03 up  1:01,  1 user,  load average: 0.00, 0.00, 0.00
================================
Diagnosis complete. All system stable!
Welcome to the AIOps Automation Hub.
Running system diagnosis....
=== SERVER HEALTH STATUS ===
Current System User: nafees
Server Uptime :
 19:00:03 up  1:02,  1 user,  load average: 0.00, 0.00, 0.00
================================
Diagnosis complete. All system stable!
